0 info it worked if it ends with ok
1 verbose cli [ 'c:\\Program Files\\iojs\\node.exe',
1 verbose cli   'c:\\Program Files\\iojs\\node_modules\\npm\\bin\\npm-cli.js',
1 verbose cli   'run',
1 verbose cli   'lint' ]
2 info using npm@2.11.3
3 info using node@v2.3.1
4 verbose run-script [ 'prelint', 'lint', 'postlint' ]
5 info prelint credential@0.2.5
6 info lint credential@0.2.5
7 verbose unsafe-perm in lifecycle true
8 info credential@0.2.5 Failed to exec lint script
9 verbose stack Error: credential@0.2.5 lint: `eslint credential.js test`
9 verbose stack Exit status 1
9 verbose stack     at EventEmitter.<anonymous> (c:\Program Files\iojs\node_modules\npm\lib\utils\lifecycle.js:213:16)
9 verbose stack     at emitTwo (events.js:87:13)
9 verbose stack     at EventEmitter.emit (events.js:172:7)
9 verbose stack     at ChildProcess.<anonymous> (c:\Program Files\iojs\node_modules\npm\lib\utils\spawn.js:24:14)
9 verbose stack     at emitTwo (events.js:87:13)
9 verbose stack     at ChildProcess.emit (events.js:172:7)
9 verbose stack     at maybeClose (internal/child_process.js:764:16)
9 verbose stack     at Process.ChildProcess._handle.onexit (internal/child_process.js:211:5)
10 verbose pkgid credential@0.2.5
11 verbose cwd C:\Users\Steven\credential
12 error Windows_NT 6.3.9600
13 error argv "c:\\Program Files\\iojs\\node.exe" "c:\\Program Files\\iojs\\node_modules\\npm\\bin\\npm-cli.js" "run" "lint"
14 error node v2.3.1
15 error npm  v2.11.3
16 error code ELIFECYCLE
17 error credential@0.2.5 lint: `eslint credential.js test`
17 error Exit status 1
18 error Failed at the credential@0.2.5 lint script 'eslint credential.js test'.
18 error This is most likely a problem with the credential package,
18 error not with npm itself.
18 error Tell the author that this fails on your system:
18 error     eslint credential.js test
18 error You can get their info via:
18 error     npm owner ls credential
18 error There is likely additional logging output above.
19 verbose exit [ 1, true ]
